<?xml version="1.0" encoding="UTF-8"?>
<!-- Generated by org.testng.reporters.JUnitReportReporter -->
<testsuite hostname="DESKTOP-LS03I5T" failures="0" tests="1" name="LambdaTest.ProjectLambdaTest.TestScenario2" time="14.442" errors="0" timestamp="2023-09-27T12:41:39 IST" skipped="0">
  <testcase classname="LambdaTest.ProjectLambdaTest.TestScenario2" name="ExecuteTest" time="14.442"/>
  <system-out/>
</testsuite> <!-- LambdaTest.ProjectLambdaTest.TestScenario2 -->
