<?xml version="1.0" encoding="UTF-8"?>
<!-- Generated by org.testng.reporters.JUnitReportReporter -->
<testsuite hostname="DESKTOP-LS03I5T" failures="0" tests="1" name="LambdaTest.ProjectLambdaTest.TestScenario3" time="32.579" errors="0" timestamp="2023-09-27T12:46:20 IST" skipped="0">
  <testcase classname="LambdaTest.ProjectLambdaTest.TestScenario3" name="testCase03" time="32.579"/>
  <system-out/>
</testsuite> <!-- LambdaTest.ProjectLambdaTest.TestScenario3 -->
