<?xml version="1.0" encoding="UTF-8"?>
<!-- Generated by org.testng.reporters.JUnitReportReporter -->
<testsuite hostname="DESKTOP-LS03I5T" failures="0" tests="1" name="LambdaTest.ProjectLambdaTest.TestScenario1" time="13.335" errors="0" timestamp="2023-09-27T12:17:31 IST" skipped="0">
  <testcase classname="LambdaTest.ProjectLambdaTest.TestScenario1" name="setUp" time="13.335"/>
  <system-out/>
</testsuite> <!-- LambdaTest.ProjectLambdaTest.TestScenario1 -->
